<?xml version="1.0" encoding="UTF-8"?>
<coverage generated="1650756178377" clover="3.2.0">
  <project timestamp="1650756178377" name="All files">
    <metrics statements="14" coveredstatements="14" conditionals="13" coveredconditionals="13" methods="4" coveredmethods="4" elements="31" coveredelements="31" complexity="0" loc="14" ncloc="14" packages="2" files="2" classes="2"/>
    <package name="__fixtures__">
      <metrics statements="1" coveredstatements="1" conditionals="0" coveredconditionals="0" methods="0" coveredmethods="0"/>
      <file name="jsonDiff.js" path="C:\Users\dada_\PhpstormProjects\gendiff\frontend-project-lvl2\__fixtures__\jsonDiff.js">
        <metrics statements="1" coveredstatements="1" conditionals="0" coveredconditionals="0" methods="0" coveredmethods="0"/>
        <line num="1" count="1" type="stmt"/>
      </file>
    </package>
    <package name="src">
      <metrics statements="13" coveredstatements="13" conditionals="13" coveredconditionals="13" methods="4" coveredmethods="4"/>
      <file name="index.js" path="C:\Users\dada_\PhpstormProjects\gendiff\frontend-project-lvl2\src\index.js">
        <metrics statements="13" coveredstatements="13" conditionals="13" coveredconditionals="13" methods="4" coveredmethods="4"/>
        <line num="6" count="2" type="stmt"/>
        <line num="9" count="1" type="stmt"/>
        <line num="10" count="1" type="stmt"/>
        <line num="11" count="1" type="stmt"/>
        <line num="12" count="1" type="stmt"/>
        <line num="13" count="5" type="stmt"/>
        <line num="14" count="5" type="stmt"/>
        <line num="15" count="5" type="cond" truecount="4" falsecount="0"/>
        <line num="16" count="3" type="cond" truecount="4" falsecount="0"/>
        <line num="17" count="2" type="cond" truecount="5" falsecount="0"/>
        <line num="18" count="1" type="stmt"/>
        <line num="20" count="6" type="stmt"/>
        <line num="21" count="1" type="stmt"/>
      </file>
    </package>
  </project>
</coverage>
