{"C:\\Users\\dada_\\PhpstormProjects\\gendiff\\frontend-project-lvl2\\__fixtures__\\jsonDiff.js": {"path":"C:\\Users\\dada_\\PhpstormProjects\\gendiff\\frontend-project-lvl2\\__fixtures__\\jsonDiff.js","statementMap":{"0":{"start":{"line":1,"column":17},"end":{"line":8,"column":2}}},"fnMap":{},"branchMap":{},"s":{"0":1},"f":{},"b":{},"inputSourceMap":null,"_coverageSchema":"1a1c01bbd47fc00a2c39e90264f33305004495a9","hash":"238bd48174ee3369bb17706ab8b541ba7057ba6b"}
,"C:\\Users\\dada_\\PhpstormProjects\\gendiff\\frontend-project-lvl2\\src\\index.js": {"path":"C:\\Users\\dada_\\PhpstormProjects\\gendiff\\frontend-project-lvl2\\src\\index.js","statementMap":{"0":{"start":{"line":6,"column":14},"end":{"line":6,"column":97}},"1":{"start":{"line":6,"column":25},"end":{"line":6,"column":97}},"2":{"start":{"line":9,"column":25},"end":{"line":9,"column":61}},"3":{"start":{"line":10,"column":33},"end":{"line":10,"column":73}},"4":{"start":{"line":11,"column":19},"end":{"line":11,"column":63}},"5":{"start":{"line":12,"column":16},"end":{"line":19,"column":11}},"6":{"start":{"line":13,"column":23},"end":{"line":13,"column":40}},"7":{"start":{"line":14,"column":23},"end":{"line":14,"column":40}},"8":{"start":{"line":15,"column":4},"end":{"line":15,"column":89}},"9":{"start":{"line":15,"column":35},"end":{"line":15,"column":89}},"10":{"start":{"line":16,"column":4},"end":{"line":16,"column":89}},"11":{"start":{"line":16,"column":35},"end":{"line":16,"column":89}},"12":{"start":{"line":17,"column":4},"end":{"line":17,"column":117}},"13":{"start":{"line":17,"column":63},"end":{"line":17,"column":117}},"14":{"start":{"line":18,"column":4},"end":{"line":18,"column":104}},"15":{"start":{"line":20,"column":17},"end":{"line":20,"column":67}},"16":{"start":{"line":20,"column":37},"end":{"line":20,"column":66}},"17":{"start":{"line":21,"column":2},"end":{"line":21,"column":42}}},"fnMap":{"0":{"name":"(anonymous_0)","decl":{"start":{"line":6,"column":14},"end":{"line":6,"column":15}},"loc":{"start":{"line":6,"column":25},"end":{"line":6,"column":97}},"line":6},"1":{"name":"(anonymous_1)","decl":{"start":{"line":8,"column":15},"end":{"line":8,"column":16}},"loc":{"start":{"line":8,"column":41},"end":{"line":22,"column":1}},"line":8},"2":{"name":"(anonymous_2)","decl":{"start":{"line":12,"column":29},"end":{"line":12,"column":30}},"loc":{"start":{"line":12,"column":38},"end":{"line":19,"column":3}},"line":12},"3":{"name":"(anonymous_3)","decl":{"start":{"line":20,"column":27},"end":{"line":20,"column":28}},"loc":{"start":{"line":20,"column":37},"end":{"line":20,"column":66}},"line":20}},"branchMap":{"0":{"loc":{"start":{"line":15,"column":4},"end":{"line":15,"column":89}},"type":"if","locations":[{"start":{"line":15,"column":4},"end":{"line":15,"column":89}},{"start":{},"end":{}}],"line":15},"1":{"loc":{"start":{"line":15,"column":8},"end":{"line":15,"column":33}},"type":"binary-expr","locations":[{"start":{"line":15,"column":8},"end":{"line":15,"column":18}},{"start":{"line":15,"column":22},"end":{"line":15,"column":33}}],"line":15},"2":{"loc":{"start":{"line":16,"column":4},"end":{"line":16,"column":89}},"type":"if","locations":[{"start":{"line":16,"column":4},"end":{"line":16,"column":89}},{"start":{},"end":{}}],"line":16},"3":{"loc":{"start":{"line":16,"column":8},"end":{"line":16,"column":33}},"type":"binary-expr","locations":[{"start":{"line":16,"column":8},"end":{"line":16,"column":18}},{"start":{"line":16,"column":22},"end":{"line":16,"column":33}}],"line":16},"4":{"loc":{"start":{"line":17,"column":4},"end":{"line":17,"column":117}},"type":"if","locations":[{"start":{"line":17,"column":4},"end":{"line":17,"column":117}},{"start":{},"end":{}}],"line":17},"5":{"loc":{"start":{"line":17,"column":8},"end":{"line":17,"column":61}},"type":"binary-expr","locations":[{"start":{"line":17,"column":8},"end":{"line":17,"column":18}},{"start":{"line":17,"column":22},"end":{"line":17,"column":32}},{"start":{"line":17,"column":36},"end":{"line":17,"column":61}}],"line":17}},"s":{"0":1,"1":2,"2":1,"3":1,"4":1,"5":1,"6":5,"7":5,"8":5,"9":2,"10":3,"11":1,"12":2,"13":1,"14":1,"15":1,"16":6,"17":1},"f":{"0":2,"1":1,"2":5,"3":6},"b":{"0":[2,3],"1":[5,4],"2":[1,2],"3":[3,3],"4":[1,1],"5":[2,2,2]},"inputSourceMap":null,"_coverageSchema":"1a1c01bbd47fc00a2c39e90264f33305004495a9","hash":"97c77275a4287c00d463b4f0f2e13613e066adbb"}
}
